Jacobi relaxation Calculation: 4096 x 4096 mesh
    0, 0.250000 from thread [1,0]
    0, 0.250000 from thread [1,1]
    0, 0.250000 from thread [1,2]
    0, 0.250000 from thread [1,3]
    0, 0.250000 from thread [1,4]
    0, 0.250000 from thread [1,5]
    0, 0.250000 from thread [1,6]
    0, 0.250000 from thread [1,7]
    0, 0.250000 from thread [0,0]
    0, 0.250000 from thread [0,1]
    0, 0.250000 from thread [0,2]
    0, 0.250000 from thread [0,3]
    0, 0.250000 from thread [0,4]
    0, 0.250000 from thread [0,5]
    0, 0.250000 from thread [0,6]
    0, 0.250000 from thread [0,7]
    0, 0.250000 from thread [3,0]
    0, 0.250000 from thread [3,1]
    0, 0.250000 from thread [3,2]
    0, 0.250000 from thread [3,3]
    0, 0.250000 from thread [3,4]
    0, 0.250000 from thread [3,5]
    0, 0.250000 from thread [3,6]
    0, 0.250000 from thread [3,7]
    0, 0.250000 from thread [2,0]
    0, 0.250000 from thread [2,1]
    0, 0.250000 from thread [2,2]
    0, 0.250000 from thread [2,3]
    0, 0.250000 from thread [2,4]
    0, 0.250000 from thread [2,5]
    0, 0.250000 from thread [2,6]
    0, 0.250000 from thread [2,7]
  100, 0.002452 from thread [1,0]
  100, 0.002434 from thread [1,1]
  100, 0.002414 from thread [1,2]
  100, 0.002397 from thread [1,3]
  100, 0.002395 from thread [1,4]
  100, 0.002407 from thread [1,5]
  100, 0.002440 from thread [1,6]
  100, 0.002482 from thread [1,7]
  100, 0.002410 from thread [0,0]
  100, 0.002409 from thread [0,1]
  100, 0.002405 from thread [0,2]
  100, 0.002404 from thread [0,3]
  100, 0.002416 from thread [0,4]
  100, 0.002428 from thread [0,5]
  100, 0.002434 from thread [0,6]
  100, 0.002434 from thread [0,7]
  100, 0.002444 from thread [3,0]
  100, 0.002436 from thread [3,1]
  100, 0.002426 from thread [3,2]
  100, 0.002415 from thread [3,3]
  100, 0.002404 from thread [3,4]
  100, 0.002397 from thread [3,5]
  100, 0.002403 from thread [3,6]
  100, 0.002408 from thread [3,7]
  100, 0.002447 from thread [2,0]
  100, 0.002450 from thread [2,1]
  100, 0.002439 from thread [2,2]
  100, 0.002427 from thread [2,3]
  100, 0.002420 from thread [2,4]
  100, 0.002419 from thread [2,5]
  100, 0.002420 from thread [2,6]
  100, 0.002420 from thread [2,7]
  200, 0.001268 from thread [1,0]
  200, 0.001224 from thread [1,1]
  200, 0.001205 from thread [1,2]
  200, 0.001215 from thread [1,3]
  200, 0.001227 from thread [1,4]
  200, 0.001234 from thread [1,5]
  200, 0.001240 from thread [1,6]
  200, 0.001254 from thread [1,7]
  200, 0.001212 from thread [0,0]
  200, 0.001214 from thread [0,1]
  200, 0.001215 from thread [0,2]
  200, 0.001215 from thread [0,3]
  200, 0.001212 from thread [0,4]
  200, 0.001221 from thread [0,5]
  200, 0.001250 from thread [0,6]
  200, 0.001264 from thread [0,7]
  200, 0.001230 from thread [3,0]
  200, 0.001226 from thread [3,1]
  200, 0.001220 from thread [3,2]
  200, 0.001214 from thread [3,3]
  200, 0.001209 from thread [3,4]
  200, 0.001205 from thread [3,5]
  200, 0.001207 from thread [3,6]
  200, 0.001210 from thread [3,7]
  200, 0.001281 from thread [2,0]
  200, 0.001254 from thread [2,1]
  200, 0.001221 from thread [2,2]
  200, 0.001213 from thread [2,3]
  200, 0.001210 from thread [2,4]
  200, 0.001215 from thread [2,5]
  200, 0.001218 from thread [2,6]
  200, 0.001219 from thread [2,7]
  300, 0.000829 from thread [1,0]
  300, 0.000826 from thread [1,1]
  300, 0.000820 from thread [1,2]
  300, 0.000813 from thread [1,3]
  300, 0.000813 from thread [1,4]
  300, 0.000819 from thread [1,5]
  300, 0.000831 from thread [1,6]
  300, 0.000862 from thread [1,7]
  300, 0.000808 from thread [0,0]
  300, 0.000809 from thread [0,1]
  300, 0.000811 from thread [0,2]
  300, 0.000813 from thread [0,3]
  300, 0.000817 from thread [0,4]
  300, 0.000821 from thread [0,5]
  300, 0.000831 from thread [0,6]
  300, 0.000974 from thread [0,7]
  300, 0.000823 from thread [3,0]
  300, 0.000819 from thread [3,1]
  300, 0.000815 from thread [3,2]
  300, 0.000810 from thread [3,3]
  300, 0.000807 from thread [3,4]
  300, 0.000804 from thread [3,5]
  300, 0.000805 from thread [3,6]
  300, 0.000806 from thread [3,7]
  300, 0.000954 from thread [2,0]
  300, 0.000838 from thread [2,1]
  300, 0.000825 from thread [2,2]
  300, 0.000811 from thread [2,3]
  300, 0.000811 from thread [2,4]
  300, 0.000814 from thread [2,5]
  300, 0.000816 from thread [2,6]
  300, 0.000815 from thread [2,7]
  400, 0.000608 from thread [1,0]
  400, 0.000609 from thread [1,1]
  400, 0.000609 from thread [1,2]
  400, 0.000610 from thread [1,3]
  400, 0.000612 from thread [1,4]
  400, 0.000614 from thread [1,5]
  400, 0.000616 from thread [1,6]
  400, 0.000618 from thread [1,7]
  400, 0.000603 from thread [0,0]
  400, 0.000603 from thread [0,1]
  400, 0.000604 from thread [0,2]
  400, 0.000604 from thread [0,3]
  400, 0.000604 from thread [0,4]
  400, 0.000604 from thread [0,5]
  400, 0.000604 from thread [0,6]
  400, 0.000604 from thread [0,7]
  400, 0.000613 from thread [3,0]
  400, 0.000611 from thread [3,1]
  400, 0.000609 from thread [3,2]
  400, 0.000608 from thread [3,3]
  400, 0.000606 from thread [3,4]
  400, 0.000605 from thread [3,5]
  400, 0.000604 from thread [3,6]
  400, 0.000604 from thread [3,7]
  400, 0.000743 from thread [2,0]
  400, 0.000634 from thread [2,1]
  400, 0.000611 from thread [2,2]
  400, 0.000610 from thread [2,3]
  400, 0.000610 from thread [2,4]
  400, 0.000610 from thread [2,5]
  400, 0.000609 from thread [2,6]
  400, 0.000608 from thread [2,7]
  500, 0.000488 from thread [1,0]
  500, 0.000487 from thread [1,1]
  500, 0.000487 from thread [1,2]
  500, 0.000488 from thread [1,3]
  500, 0.000489 from thread [1,4]
  500, 0.000490 from thread [1,5]
  500, 0.000492 from thread [1,6]
  500, 0.000494 from thread [1,7]
  500, 0.000483 from thread [0,0]
  500, 0.000483 from thread [0,1]
  500, 0.000483 from thread [0,2]
  500, 0.000484 from thread [0,3]
  500, 0.000484 from thread [0,4]
  500, 0.000484 from thread [0,5]
  500, 0.000484 from thread [0,6]
  500, 0.000484 from thread [0,7]
  500, 0.000491 from thread [3,0]
  500, 0.000490 from thread [3,1]
  500, 0.000488 from thread [3,2]
  500, 0.000487 from thread [3,3]
  500, 0.000485 from thread [3,4]
  500, 0.000484 from thread [3,5]
  500, 0.000483 from thread [3,6]
  500, 0.000483 from thread [3,7]
  500, 0.000486 from thread [2,0]
  500, 0.000487 from thread [2,1]
  500, 0.000488 from thread [2,2]
  500, 0.000488 from thread [2,3]
  500, 0.000488 from thread [2,4]
  500, 0.000488 from thread [2,5]
  500, 0.000488 from thread [2,6]
  500, 0.000487 from thread [2,7]
  600, 0.000408 from thread [1,0]
  600, 0.000407 from thread [1,1]
  600, 0.000405 from thread [1,2]
  600, 0.000405 from thread [1,3]
  600, 0.000405 from thread [1,4]
  600, 0.000407 from thread [1,5]
  600, 0.000410 from thread [1,6]
  600, 0.000413 from thread [1,7]
  600, 0.000403 from thread [0,0]
  600, 0.000403 from thread [0,1]
  600, 0.000403 from thread [0,2]
  600, 0.000404 from thread [0,3]
  600, 0.000404 from thread [0,4]
  600, 0.000405 from thread [0,5]
  600, 0.000405 from thread [0,6]
  600, 0.000405 from thread [0,7]
  600, 0.000410 from thread [3,0]
  600, 0.000409 from thread [3,1]
  600, 0.000407 from thread [3,2]
  600, 0.000406 from thread [3,3]
  600, 0.000404 from thread [3,4]
  600, 0.000403 from thread [3,5]
  600, 0.000403 from thread [3,6]
  600, 0.000403 from thread [3,7]
  600, 0.000405 from thread [2,0]
  600, 0.000406 from thread [2,1]
  600, 0.000407 from thread [2,2]
  600, 0.000407 from thread [2,3]
  600, 0.000407 from thread [2,4]
  600, 0.000407 from thread [2,5]
  600, 0.000406 from thread [2,6]
  600, 0.000406 from thread [2,7]
  700, 0.000355 from thread [1,0]
  700, 0.000351 from thread [1,1]
  700, 0.000347 from thread [1,2]
  700, 0.000345 from thread [1,3]
  700, 0.000349 from thread [1,4]
  700, 0.000353 from thread [1,5]
  700, 0.000356 from thread [1,6]
  700, 0.000359 from thread [1,7]
  700, 0.000347 from thread [0,0]
  700, 0.000347 from thread [0,1]
  700, 0.000346 from thread [0,2]
  700, 0.000346 from thread [0,3]
  700, 0.000347 from thread [0,4]
  700, 0.000349 from thread [0,5]
  700, 0.000350 from thread [0,6]
  700, 0.000350 from thread [0,7]
  700, 0.000352 from thread [3,0]
  700, 0.000351 from thread [3,1]
  700, 0.000349 from thread [3,2]
  700, 0.000348 from thread [3,3]
  700, 0.000346 from thread [3,4]
  700, 0.000345 from thread [3,5]
  700, 0.000346 from thread [3,6]
  700, 0.000347 from thread [3,7]
  700, 0.000350 from thread [2,0]
  700, 0.000350 from thread [2,1]
  700, 0.000350 from thread [2,2]
  700, 0.000349 from thread [2,3]
  700, 0.000348 from thread [2,4]
  700, 0.000348 from thread [2,5]
  700, 0.000348 from thread [2,6]
  700, 0.000348 from thread [2,7]
  800, 0.000317 from thread [1,0]
  800, 0.000307 from thread [1,1]
  800, 0.000307 from thread [1,2]
  800, 0.000306 from thread [1,3]
  800, 0.000307 from thread [1,4]
  800, 0.000309 from thread [1,5]
  800, 0.000314 from thread [1,6]
  800, 0.000325 from thread [1,7]
  800, 0.000304 from thread [0,0]
  800, 0.000304 from thread [0,1]
  800, 0.000305 from thread [0,2]
  800, 0.000305 from thread [0,3]
  800, 0.000304 from thread [0,4]
  800, 0.000306 from thread [0,5]
  800, 0.000313 from thread [0,6]
  800, 0.000317 from thread [0,7]
  800, 0.000309 from thread [3,0]
  800, 0.000308 from thread [3,1]
  800, 0.000306 from thread [3,2]
  800, 0.000304 from thread [3,3]
  800, 0.000303 from thread [3,4]
  800, 0.000302 from thread [3,5]
  800, 0.000303 from thread [3,6]
  800, 0.000303 from thread [3,7]
  800, 0.000313 from thread [2,0]
  800, 0.000311 from thread [2,1]
  800, 0.000306 from thread [2,2]
  800, 0.000304 from thread [2,3]
  800, 0.000303 from thread [2,4]
  800, 0.000304 from thread [2,5]
  800, 0.000305 from thread [2,6]
  800, 0.000305 from thread [2,7]
  900, 0.000279 from thread [1,0]
  900, 0.000277 from thread [1,1]
  900, 0.000274 from thread [1,2]
  900, 0.000272 from thread [1,3]
  900, 0.000270 from thread [1,4]
  900, 0.000270 from thread [1,5]
  900, 0.000272 from thread [1,6]
  900, 0.000273 from thread [1,7]
  900, 0.000270 from thread [0,0]
  900, 0.000270 from thread [0,1]
  900, 0.000271 from thread [0,2]
  900, 0.000272 from thread [0,3]
  900, 0.000273 from thread [0,4]
  900, 0.000273 from thread [0,5]
  900, 0.000279 from thread [0,6]
  900, 0.000327 from thread [0,7]
  900, 0.000277 from thread [3,0]
  900, 0.000274 from thread [3,1]
  900, 0.000271 from thread [3,2]
  900, 0.000269 from thread [3,3]
  900, 0.000269 from thread [3,4]
  900, 0.000269 from thread [3,5]
  900, 0.000270 from thread [3,6]
  900, 0.000270 from thread [3,7]
  900, 0.000320 from thread [2,0]
  900, 0.000278 from thread [2,1]
  900, 0.000275 from thread [2,2]
  900, 0.000272 from thread [2,3]
  900, 0.000270 from thread [2,4]
  900, 0.000272 from thread [2,5]
  900, 0.000273 from thread [2,6]
  900, 0.000273 from thread [2,7]
 total: 183.221780 s
