Jacobi relaxation Calculation: 4096 x 4096 mesh
    0, 0.250000 from thread [1,0]
    0, 0.250000 from thread [1,1]
    0, 0.250000 from thread [1,2]
    0, 0.250000 from thread [1,3]
    0, 0.250000 from thread [0,0]
    0, 0.250000 from thread [0,1]
    0, 0.250000 from thread [0,2]
    0, 0.250000 from thread [0,3]
  100, 0.002397 from thread [1,0]
  100, 0.002397 from thread [1,1]
  100, 0.002397 from thread [1,2]
  100, 0.002397 from thread [1,3]
  100, 0.002397 from thread [0,0]
  100, 0.002397 from thread [0,1]
  100, 0.002397 from thread [0,2]
  100, 0.002397 from thread [0,3]
  200, 0.001204 from thread [1,0]
  200, 0.001204 from thread [1,1]
  200, 0.001204 from thread [1,2]
  200, 0.001204 from thread [1,3]
  200, 0.001204 from thread [0,0]
  200, 0.001204 from thread [0,1]
  200, 0.001204 from thread [0,2]
  200, 0.001204 from thread [0,3]
  300, 0.000804 from thread [1,0]
  300, 0.000804 from thread [1,1]
  300, 0.000804 from thread [1,2]
  300, 0.000804 from thread [1,3]
  300, 0.000804 from thread [0,0]
  300, 0.000804 from thread [0,1]
  300, 0.000804 from thread [0,2]
  300, 0.000804 from thread [0,3]
  400, 0.000603 from thread [1,0]
  400, 0.000603 from thread [1,1]
  400, 0.000603 from thread [1,2]
  400, 0.000603 from thread [1,3]
  400, 0.000603 from thread [0,0]
  400, 0.000603 from thread [0,1]
  400, 0.000603 from thread [0,2]
  400, 0.000603 from thread [0,3]
  500, 0.000483 from thread [1,0]
  500, 0.000483 from thread [1,1]
  500, 0.000483 from thread [1,2]
  500, 0.000483 from thread [1,3]
  500, 0.000483 from thread [0,0]
  500, 0.000483 from thread [0,1]
  500, 0.000483 from thread [0,2]
  500, 0.000483 from thread [0,3]
  600, 0.000403 from thread [1,0]
  600, 0.000403 from thread [1,1]
  600, 0.000403 from thread [1,2]
  600, 0.000403 from thread [1,3]
  600, 0.000403 from thread [0,0]
  600, 0.000403 from thread [0,1]
  600, 0.000403 from thread [0,2]
  600, 0.000403 from thread [0,3]
  700, 0.000345 from thread [1,0]
  700, 0.000345 from thread [1,1]
  700, 0.000345 from thread [1,2]
  700, 0.000345 from thread [1,3]
  700, 0.000345 from thread [0,0]
  700, 0.000345 from thread [0,1]
  700, 0.000345 from thread [0,2]
  700, 0.000345 from thread [0,3]
  800, 0.000302 from thread [1,0]
  800, 0.000302 from thread [1,1]
  800, 0.000302 from thread [1,2]
  800, 0.000302 from thread [1,3]
  800, 0.000302 from thread [0,0]
  800, 0.000302 from thread [0,1]
  800, 0.000302 from thread [0,2]
  800, 0.000302 from thread [0,3]
  900, 0.000269 from thread [1,0]
  900, 0.000269 from thread [1,1]
  900, 0.000269 from thread [1,2]
  900, 0.000269 from thread [1,3]
  900, 0.000269 from thread [0,0]
  900, 0.000269 from thread [0,1]
  900, 0.000269 from thread [0,2]
  900, 0.000269 from thread [0,3]
 total: 643.470503 s
